{"C:\\Users\\vitor\\Downloads\\desafio-lanchonete\\src\\caixa-da-lanchonete.js": {"path":"C:\\Users\\vitor\\Downloads\\desafio-lanchonete\\src\\caixa-da-lanchonete.js","all":false,"statementMap":{"0":{"start":{"line":1,"column":0},"end":{"line":1,"column":25}},"1":{"start":{"line":2,"column":0},"end":{"line":2,"column":0}},"2":{"start":{"line":3,"column":0},"end":{"line":3,"column":19}},"3":{"start":{"line":4,"column":0},"end":{"line":4,"column":25}},"4":{"start":{"line":5,"column":0},"end":{"line":5,"column":60}},"5":{"start":{"line":6,"column":0},"end":{"line":6,"column":84}},"6":{"start":{"line":7,"column":0},"end":{"line":7,"column":68}},"7":{"start":{"line":8,"column":0},"end":{"line":8,"column":70}},"8":{"start":{"line":9,"column":0},"end":{"line":9,"column":85}},"9":{"start":{"line":10,"column":0},"end":{"line":10,"column":66}},"10":{"start":{"line":11,"column":0},"end":{"line":11,"column":78}},"11":{"start":{"line":12,"column":0},"end":{"line":12,"column":77}},"12":{"start":{"line":13,"column":0},"end":{"line":13,"column":10}},"13":{"start":{"line":14,"column":0},"end":{"line":14,"column":5}},"14":{"start":{"line":15,"column":0},"end":{"line":15,"column":0}},"15":{"start":{"line":16,"column":0},"end":{"line":16,"column":52}},"16":{"start":{"line":17,"column":0},"end":{"line":17,"column":0}},"17":{"start":{"line":18,"column":0},"end":{"line":18,"column":76}},"18":{"start":{"line":19,"column":0},"end":{"line":19,"column":50}},"19":{"start":{"line":20,"column":0},"end":{"line":20,"column":9}},"20":{"start":{"line":21,"column":0},"end":{"line":21,"column":32}},"21":{"start":{"line":22,"column":0},"end":{"line":22,"column":57}},"22":{"start":{"line":23,"column":0},"end":{"line":23,"column":9}},"23":{"start":{"line":24,"column":0},"end":{"line":24,"column":0}},"24":{"start":{"line":25,"column":0},"end":{"line":25,"column":22}},"25":{"start":{"line":26,"column":0},"end":{"line":26,"column":0}},"26":{"start":{"line":27,"column":0},"end":{"line":27,"column":30}},"27":{"start":{"line":28,"column":0},"end":{"line":28,"column":7}},"28":{"start":{"line":29,"column":0},"end":{"line":29,"column":39}},"29":{"start":{"line":30,"column":0},"end":{"line":30,"column":58}},"30":{"start":{"line":31,"column":0},"end":{"line":31,"column":0}},"31":{"start":{"line":32,"column":0},"end":{"line":32,"column":11}},"32":{"start":{"line":33,"column":0},"end":{"line":33,"column":69}},"33":{"start":{"line":34,"column":0},"end":{"line":34,"column":24}},"34":{"start":{"line":35,"column":0},"end":{"line":35,"column":40}},"35":{"start":{"line":36,"column":0},"end":{"line":36,"column":13}},"36":{"start":{"line":37,"column":0},"end":{"line":37,"column":0}},"37":{"start":{"line":38,"column":0},"end":{"line":38,"column":45}},"38":{"start":{"line":39,"column":0},"end":{"line":39,"column":46}},"39":{"start":{"line":40,"column":0},"end":{"line":40,"column":13}},"40":{"start":{"line":41,"column":0},"end":{"line":41,"column":0}},"41":{"start":{"line":42,"column":0},"end":{"line":42,"column":29}},"42":{"start":{"line":43,"column":0},"end":{"line":43,"column":39}},"43":{"start":{"line":44,"column":0},"end":{"line":44,"column":34}},"44":{"start":{"line":45,"column":0},"end":{"line":45,"column":44}},"45":{"start":{"line":46,"column":0},"end":{"line":46,"column":12}},"46":{"start":{"line":47,"column":0},"end":{"line":47,"column":66}},"47":{"start":{"line":48,"column":0},"end":{"line":48,"column":50}},"48":{"start":{"line":49,"column":0},"end":{"line":49,"column":72}},"49":{"start":{"line":50,"column":0},"end":{"line":50,"column":72}},"50":{"start":{"line":51,"column":0},"end":{"line":51,"column":12}},"51":{"start":{"line":52,"column":0},"end":{"line":52,"column":68}},"52":{"start":{"line":53,"column":0},"end":{"line":53,"column":50}},"53":{"start":{"line":54,"column":0},"end":{"line":54,"column":72}},"54":{"start":{"line":55,"column":0},"end":{"line":55,"column":72}},"55":{"start":{"line":56,"column":0},"end":{"line":56,"column":12}},"56":{"start":{"line":57,"column":0},"end":{"line":57,"column":55}},"57":{"start":{"line":58,"column":0},"end":{"line":58,"column":9}},"58":{"start":{"line":59,"column":0},"end":{"line":59,"column":0}},"59":{"start":{"line":60,"column":0},"end":{"line":60,"column":45}},"60":{"start":{"line":61,"column":0},"end":{"line":61,"column":26}},"61":{"start":{"line":62,"column":0},"end":{"line":62,"column":51}},"62":{"start":{"line":63,"column":0},"end":{"line":63,"column":27}},"63":{"start":{"line":64,"column":0},"end":{"line":64,"column":50}},"64":{"start":{"line":65,"column":0},"end":{"line":65,"column":26}},"65":{"start":{"line":66,"column":0},"end":{"line":66,"column":9}},"66":{"start":{"line":67,"column":0},"end":{"line":67,"column":0}},"67":{"start":{"line":68,"column":0},"end":{"line":68,"column":69}},"68":{"start":{"line":69,"column":0},"end":{"line":69,"column":25}},"69":{"start":{"line":70,"column":0},"end":{"line":70,"column":8}},"70":{"start":{"line":71,"column":0},"end":{"line":71,"column":5}},"71":{"start":{"line":72,"column":0},"end":{"line":72,"column":1}},"72":{"start":{"line":73,"column":0},"end":{"line":73,"column":0}},"73":{"start":{"line":74,"column":0},"end":{"line":74,"column":29}}},"s":{"0":1,"1":1,"2":1,"3":24,"4":24,"5":24,"6":24,"7":24,"8":24,"9":24,"10":24,"11":24,"12":24,"13":24,"14":1,"15":1,"16":24,"17":24,"18":1,"19":1,"20":24,"21":3,"22":3,"23":20,"24":20,"25":20,"26":20,"27":20,"28":24,"29":34,"30":34,"31":34,"32":34,"33":34,"34":2,"35":2,"36":32,"37":34,"38":1,"39":1,"40":31,"41":31,"42":34,"43":31,"44":34,"45":31,"46":34,"47":34,"48":29,"49":29,"50":28,"51":34,"52":34,"53":23,"54":23,"55":26,"56":26,"57":26,"58":12,"59":24,"60":2,"61":24,"62":3,"63":10,"64":7,"65":7,"66":12,"67":12,"68":12,"69":12,"70":12,"71":1,"72":1,"73":1},"branchMap":{"0":{"type":"branch","line":3,"loc":{"start":{"line":3,"column":4},"end":{"line":14,"column":5}},"locations":[{"start":{"line":3,"column":4},"end":{"line":14,"column":5}}]},"1":{"type":"branch","line":16,"loc":{"start":{"line":16,"column":4},"end":{"line":71,"column":5}},"locations":[{"start":{"line":16,"column":4},"end":{"line":71,"column":5}}]},"2":{"type":"branch","line":18,"loc":{"start":{"line":18,"column":75},"end":{"line":20,"column":9}},"locations":[{"start":{"line":18,"column":75},"end":{"line":20,"column":9}}]},"3":{"type":"branch","line":20,"loc":{"start":{"line":20,"column":8},"end":{"line":21,"column":31}},"locations":[{"start":{"line":20,"column":8},"end":{"line":21,"column":31}}]},"4":{"type":"branch","line":21,"loc":{"start":{"line":21,"column":31},"end":{"line":23,"column":9}},"locations":[{"start":{"line":21,"column":31},"end":{"line":23,"column":9}}]},"5":{"type":"branch","line":23,"loc":{"start":{"line":23,"column":8},"end":{"line":29,"column":38}},"locations":[{"start":{"line":23,"column":8},"end":{"line":29,"column":38}}]},"6":{"type":"branch","line":29,"loc":{"start":{"line":29,"column":38},"end":{"line":58,"column":9}},"locations":[{"start":{"line":29,"column":38},"end":{"line":58,"column":9}}]},"7":{"type":"branch","line":34,"loc":{"start":{"line":34,"column":23},"end":{"line":36,"column":13}},"locations":[{"start":{"line":34,"column":23},"end":{"line":36,"column":13}}]},"8":{"type":"branch","line":36,"loc":{"start":{"line":36,"column":12},"end":{"line":38,"column":44}},"locations":[{"start":{"line":36,"column":12},"end":{"line":38,"column":44}}]},"9":{"type":"branch","line":38,"loc":{"start":{"line":38,"column":44},"end":{"line":40,"column":13}},"locations":[{"start":{"line":38,"column":44},"end":{"line":40,"column":13}}]},"10":{"type":"branch","line":40,"loc":{"start":{"line":40,"column":12},"end":{"line":42,"column":29}},"locations":[{"start":{"line":40,"column":12},"end":{"line":42,"column":29}}]},"11":{"type":"branch","line":43,"loc":{"start":{"line":43,"column":16},"end":{"line":43,"column":39}},"locations":[{"start":{"line":43,"column":16},"end":{"line":43,"column":39}}]},"12":{"type":"branch","line":44,"loc":{"start":{"line":44,"column":-1},"end":{"line":44,"column":34}},"locations":[{"start":{"line":44,"column":-1},"end":{"line":44,"column":34}}]},"13":{"type":"branch","line":45,"loc":{"start":{"line":45,"column":16},"end":{"line":45,"column":44}},"locations":[{"start":{"line":45,"column":16},"end":{"line":45,"column":44}}]},"14":{"type":"branch","line":46,"loc":{"start":{"line":46,"column":-1},"end":{"line":47,"column":37}},"locations":[{"start":{"line":46,"column":-1},"end":{"line":47,"column":37}}]},"15":{"type":"branch","line":47,"loc":{"start":{"line":47,"column":33},"end":{"line":47,"column":64}},"locations":[{"start":{"line":47,"column":33},"end":{"line":47,"column":64}}]},"16":{"type":"branch","line":48,"loc":{"start":{"line":48,"column":16},"end":{"line":48,"column":50}},"locations":[{"start":{"line":48,"column":16},"end":{"line":48,"column":50}}]},"17":{"type":"branch","line":49,"loc":{"start":{"line":49,"column":-1},"end":{"line":50,"column":72}},"locations":[{"start":{"line":49,"column":-1},"end":{"line":50,"column":72}}]},"18":{"type":"branch","line":49,"loc":{"start":{"line":49,"column":39},"end":{"line":49,"column":71}},"locations":[{"start":{"line":49,"column":39},"end":{"line":49,"column":71}}]},"19":{"type":"branch","line":50,"loc":{"start":{"line":50,"column":16},"end":{"line":50,"column":72}},"locations":[{"start":{"line":50,"column":16},"end":{"line":50,"column":72}}]},"20":{"type":"branch","line":50,"loc":{"start":{"line":50,"column":71},"end":{"line":52,"column":35}},"locations":[{"start":{"line":50,"column":71},"end":{"line":52,"column":35}}]},"21":{"type":"branch","line":52,"loc":{"start":{"line":52,"column":31},"end":{"line":52,"column":67}},"locations":[{"start":{"line":52,"column":31},"end":{"line":52,"column":67}}]},"22":{"type":"branch","line":53,"loc":{"start":{"line":53,"column":16},"end":{"line":53,"column":50}},"locations":[{"start":{"line":53,"column":16},"end":{"line":53,"column":50}}]},"23":{"type":"branch","line":54,"loc":{"start":{"line":54,"column":-1},"end":{"line":55,"column":72}},"locations":[{"start":{"line":54,"column":-1},"end":{"line":55,"column":72}}]},"24":{"type":"branch","line":54,"loc":{"start":{"line":54,"column":37},"end":{"line":54,"column":71}},"locations":[{"start":{"line":54,"column":37},"end":{"line":54,"column":71}}]},"25":{"type":"branch","line":55,"loc":{"start":{"line":55,"column":16},"end":{"line":55,"column":72}},"locations":[{"start":{"line":55,"column":16},"end":{"line":55,"column":72}}]},"26":{"type":"branch","line":55,"loc":{"start":{"line":55,"column":71},"end":{"line":58,"column":9}},"locations":[{"start":{"line":55,"column":71},"end":{"line":58,"column":9}}]},"27":{"type":"branch","line":58,"loc":{"start":{"line":58,"column":8},"end":{"line":60,"column":44}},"locations":[{"start":{"line":58,"column":8},"end":{"line":60,"column":44}}]},"28":{"type":"branch","line":60,"loc":{"start":{"line":60,"column":44},"end":{"line":62,"column":9}},"locations":[{"start":{"line":60,"column":44},"end":{"line":62,"column":9}}]},"29":{"type":"branch","line":62,"loc":{"start":{"line":62,"column":9},"end":{"line":66,"column":9}},"locations":[{"start":{"line":62,"column":9},"end":{"line":66,"column":9}}]},"30":{"type":"branch","line":62,"loc":{"start":{"line":62,"column":50},"end":{"line":64,"column":9}},"locations":[{"start":{"line":62,"column":50},"end":{"line":64,"column":9}}]},"31":{"type":"branch","line":64,"loc":{"start":{"line":64,"column":9},"end":{"line":66,"column":9}},"locations":[{"start":{"line":64,"column":9},"end":{"line":66,"column":9}}]},"32":{"type":"branch","line":66,"loc":{"start":{"line":66,"column":8},"end":{"line":71,"column":5}},"locations":[{"start":{"line":66,"column":8},"end":{"line":71,"column":5}}]},"33":{"type":"branch","line":33,"loc":{"start":{"line":33,"column":44},"end":{"line":33,"column":67}},"locations":[{"start":{"line":33,"column":44},"end":{"line":33,"column":67}}]}},"b":{"0":[24],"1":[24],"2":[1],"3":[23],"4":[3],"5":[20],"6":[34],"7":[2],"8":[32],"9":[1],"10":[31],"11":[13],"12":[31],"13":[5],"14":[31],"15":[5],"16":[2],"17":[29],"18":[3],"19":[3],"20":[28],"21":[7],"22":[5],"23":[23],"24":[2],"25":[2],"26":[26],"27":[12],"28":[2],"29":[10],"30":[3],"31":[7],"32":[12],"33":[98]},"fnMap":{"0":{"name":"CaixaDaLanchonete","decl":{"start":{"line":3,"column":4},"end":{"line":14,"column":5}},"loc":{"start":{"line":3,"column":4},"end":{"line":14,"column":5}},"line":3},"1":{"name":"calcularValorDaCompra","decl":{"start":{"line":16,"column":4},"end":{"line":71,"column":5}},"loc":{"start":{"line":16,"column":4},"end":{"line":71,"column":5}},"line":16}},"f":{"0":24,"1":24}}
}
