TN:
SF:src\caixa-da-lanchonete.js
FN:3,CaixaDaLanchonete
FN:16,calcularValorDaCompra
FNF:2
FNH:2
FNDA:24,CaixaDaLanchonete
FNDA:24,calcularValorDaCompra
DA:1,1
DA:2,1
DA:3,1
DA:4,24
DA:5,24
DA:6,24
DA:7,24
DA:8,24
DA:9,24
DA:10,24
DA:11,24
DA:12,24
DA:13,24
DA:14,24
DA:15,1
DA:16,1
DA:17,24
DA:18,24
DA:19,1
DA:20,1
DA:21,24
DA:22,3
DA:23,3
DA:24,20
DA:25,20
DA:26,20
DA:27,20
DA:28,20
DA:29,24
DA:30,34
DA:31,34
DA:32,34
DA:33,34
DA:34,34
DA:35,2
DA:36,2
DA:37,32
DA:38,34
DA:39,1
DA:40,1
DA:41,31
DA:42,31
DA:43,34
DA:44,31
DA:45,34
DA:46,31
DA:47,34
DA:48,34
DA:49,29
DA:50,29
DA:51,28
DA:52,34
DA:53,34
DA:54,23
DA:55,23
DA:56,26
DA:57,26
DA:58,26
DA:59,12
DA:60,24
DA:61,2
DA:62,24
DA:63,3
DA:64,10
DA:65,7
DA:66,7
DA:67,12
DA:68,12
DA:69,12
DA:70,12
DA:71,12
DA:72,1
DA:73,1
DA:74,1
LF:74
LH:74
BRDA:3,0,0,24
BRDA:16,1,0,24
BRDA:18,2,0,1
BRDA:20,3,0,23
BRDA:21,4,0,3
BRDA:23,5,0,20
BRDA:29,6,0,34
BRDA:34,7,0,2
BRDA:36,8,0,32
BRDA:38,9,0,1
BRDA:40,10,0,31
BRDA:43,11,0,13
BRDA:44,12,0,31
BRDA:45,13,0,5
BRDA:46,14,0,31
BRDA:47,15,0,5
BRDA:48,16,0,2
BRDA:49,17,0,29
BRDA:49,18,0,3
BRDA:50,19,0,3
BRDA:50,20,0,28
BRDA:52,21,0,7
BRDA:53,22,0,5
BRDA:54,23,0,23
BRDA:54,24,0,2
BRDA:55,25,0,2
BRDA:55,26,0,26
BRDA:58,27,0,12
BRDA:60,28,0,2
BRDA:62,29,0,10
BRDA:62,30,0,3
BRDA:64,31,0,7
BRDA:66,32,0,12
BRDA:33,33,0,98
BRF:34
BRH:34
end_of_record
